Info: GOMC Version 2.31
Info: Start Time: Wed Aug  8 22:51:19 2018
Info: Host Name: 647trc-calc1
CPU information:
Info: Total number of CPUs: 16
Info: Total number of CPUs available: 16
Info: Model name: Intel(R) Xeon(R) CPU           X5667  @ 3.07GHz
Info: System name: Linux
Info: Release: 4.4.0-103-generic
Info: Version: #126-Ubuntu SMP Mon Dec 4 16:23:28 UTC 2017
Info: Kernel Architecture: x86_64
Info: Total Ram: 72479.3MB
Info: Used Ram: 60032.1MB
Info: Working in the current directory: /home/ram9/C6H14/GOMC/GCMC/Potoff/390
Info: GOMC COMPILED TO RUN GRAND CANONICAL ENSEMBLE.
Info: Number of threads                  2 

Reading Input File:                      in_restart.conf
Info: Restart simulation                 Active 
Info: Random seed                        Active 
Info: PARAMETER file: EXOTIC format!
Info: Input Temperature                  390.0000 K
Info: Non-truncated potential            Active 
Info: Long Range Correction              Active 
Info: Cutoff                             10.0000 A
Info: Exclude                            ONE-FOUR 
Warning: Modified 1-4 VDW parameters will be ignored!
Info: Pressure calculation               Inactive 
Info: Total number of steps              20000 
Info: Number of equilibration steps      0 
Info: Move adjustment frequency          1000 
Info: Displacement move frequency        0.2000 
Info: Rotation move frequency            0.1000 
Info: Molecule swap move frequency       0.7000 
Info: CBMC First atom trials             10   
Info: CBMC Secondary atom trials         4    
Info: CBMC Angle trials                  100  
Info: CBMC Dihedral trials               30   
Info: Chemical potential                 C6P    -3725.0000 K
Info: Output name                        C6P_390_K_u_3725_r1a 
Info: Coordinate frequency               200 
Info: Restart frequency                  20000 
Info: Console output frequency           10000 
Info: Average output frequency           100000 
Info: Histogram output frequency         2000 
Info: Histogram sample frequency         200 
Default: Intra-Swap move frequency       0.0000 
Default: Regrowth move frequency         0.0000 
Default: Short Range Cutoff              0.0000 
Warning: 1-4 Electrostatic scaling set, but will be ignored.
Warning: Cell dimension set, but will be ignored in restart mode.
Finished Reading Input File:             in_restart.conf

Reading from EXOTIC-Style parameter file:  	/home/ram9/GOMC_Scripts/Par_Mie_Alkane_Exotic.inp
Reading BONDS parameters.
Reading ANGLES parameters.
Reading DIHEDRALS parameters.
Reading NONBONDED_MIE parameters.
Finished reading EXOTIC-Style parameter file:  	/home/ram9/GOMC_Scripts/Par_Mie_Alkane_Exotic.inp
Reading from box 0 PDB coordinate file:  	C6P_390_K_u_3725_r1a_BOX_0_restart.pdb
Finished reading box 0 PDB coordinate file:  	C6P_390_K_u_3725_r1a_BOX_0_restart.pdb
Reading from box 1 PDB coordinate file:  	C6P_390_K_u_3725_r1a_BOX_1_restart.pdb
Finished reading box 1 PDB coordinate file:  	C6P_390_K_u_3725_r1a_BOX_1_restart.pdb
Random number seed: 4058902094

Molecules in PSF:
Molecule Kind: C6P
Idx	name	type	charge	mass
0	C1	CH3	0.0000	15.0350
1	C2	CH2	0.0000	14.0270
2	C3	CH2	0.0000	14.0270
3	C4	CH2	0.0000	14.0270
4	C5	CH2	0.0000	14.0270
5	C6	CH3	0.0000	15.0350

Bonds:
[0 1] [1 2] [2 3] [3 4] [4 5] 

Angles:
[0 1 2] [1 2 3] [2 3 4] [3 4 5] 

Dihedrals:
[0 1 2 3] [1 2 3 4] [2 3 4 5] 

Bonds parameter:
Atom Types                    Kb(K)                b0(A) 
CH3  CH2                        FIX               1.5400 
CH2  CH2                        FIX               1.5400 

Angles parameter:
Atom Types                Ktheta(K)       theta0(degree) 
CH3  CH2  CH2          31250.000000             114.0000 
CH2  CH2  CH2          31250.000000             114.0000 

Dihedrals parameter:
Atom Types                  Kchi(K)    n   delta(degree) 
CH3  CH2  CH2  CH2         0.000000    0          0.0000 
CH3  CH2  CH2  CH2       355.029964    1          0.0000 
CH3  CH2  CH2  CH2       -68.189775    2        180.0000 
CH3  CH2  CH2  CH2       791.317812    3          0.0000 

CH2  CH2  CH2  CH2         0.000000    0          0.0000 
CH2  CH2  CH2  CH2       355.029964    1          0.0000 
CH2  CH2  CH2  CH2       -68.189775    2        180.0000 
CH2  CH2  CH2  CH2       791.317812    3          0.0000 


NonBonded 1-4 parameters:
Type1  Type2             Epsilon(K)    Sigma(A)       N 
CH3    CH3                 121.2500      3.7830   16.00 
CH3    CH2                  86.0015      3.8865   16.00 
CH2    CH2                  61.0000      3.9900   16.00 

NonBonded parameters:
Type1  Type2             Epsilon(K)    Sigma(A)       N 
CH3    CH3                 121.2500      3.7830   16.00 
CH3    CH2                  86.0015      3.8865   16.00 
CH2    CH2                  61.0000      3.9900   16.00 

Info: Box  0:  Periodic Cell Basis 1     35.000   0.000   0.000 
Info: Box  0:  Periodic Cell Basis 2      0.000  35.000   0.000 
Info: Box  0:  Periodic Cell Basis 3      0.000   0.000  35.000 

Info: Box  1:  Periodic Cell Basis 1     35.000   0.000   0.000 
Info: Box  1:  Periodic Cell Basis 2      0.000  35.000   0.000 
Info: Box  1:  Periodic Cell Basis 3      0.000   0.000  35.000 

Minimum coordinates in box 0: x =    5.434, y =   23.961, z =    8.644
Maximum coordinates in box 0: x =   36.941, y =   35.100, z =   31.560
Wrapping molecules inside the simulation box 0:
Minimum coordinates in box 1: x =   -2.660, y =   -2.550, z =   -2.936
Maximum coordinates in box 1: x =   37.128, y =   37.018, z =   38.148
Wrapping molecules inside the simulation box 1:

################################################################################
########################## INITIAL SIMULATION ENERGY ###########################

ETITLE:     STEP           TOTAL        INTRA(B)       INTRA(NB)       INTER(LJ)             LRC     TOTAL_ELECT            REAL           RECIP            SELF            CORR

ENER_0:        0       5039.3465       5523.2926       -471.1468          0.0000        -12.7994          0.0000          0.0000          0.0000          0.0000         -0.0000

ENER_1:        0    1072656.7439    1160512.5159     -87855.7720          0.0000          0.0000          0.0000          0.0000          0.0000          0.0000         -0.0000

STITLE:     STEP        TOTALMOL

STAT_0:        0               3

STAT_1:        0             599

################################################################################
############################# STARTING SIMULATION ##############################

MTITLE:     STEP          DISTRY       DISACCEPT      DISACCEPT%          DISMAX          ROTATE       ROTACCEPT      ROTACCEPT%          ROTMAX       INTRASWAP       INTACCEPT      INTACCEPT%        REGROWTH    REGROWACCEPT   REGROWACCEPT%        TRANSFER      TRANACCEPT     TRANACCEPT%

ETITLE:     STEP           TOTAL        INTRA(B)       INTRA(NB)       INTER(LJ)             LRC     TOTAL_ELECT            REAL           RECIP            SELF            CORR

STITLE:     STEP        TOTALMOL

Printed combined psf to file C6P_390_K_u_3725_r1a_merged.psf
Reading from box 0 PDB coordinate file:  	C6P_390_K_u_3725_r1a_BOX_0_restart.pdb
Finished reading box 0 PDB coordinate file:  	C6P_390_K_u_3725_r1a_BOX_0_restart.pdb
MOVE_0:    10000            2039            1448         71.0152         17.5000             990             861         86.9697         17.5000               0               0          0.0000               0               0          0.0000            3478            1824         52.4439

ENER_0:    10000       7306.6208       8471.3840       -646.0034       -483.2059        -35.5539          0.0000          0.0000          0.0000          0.0000          0.0000

STAT_0:    10000               5

MOVE_1:    10000            3493            1826         52.2760

ENER_1:    10000    1041527.0081    1129164.4284     -87637.4203          0.0000          0.0000          0.0000          0.0000          0.0000          0.0000          0.0000

STAT_1:    10000             597

Steps/sec. : 2308.6669
MOVE_0:    20000            4049            2974         73.4502         17.5000            2018            1757         87.0664         17.5000               0               0          0.0000               0               0          0.0000            7013            3679         52.4597

ENER_0:    20000       2058.1554       2379.6260       -312.5780         -3.2040         -5.6886          0.0000          0.0000          0.0000          0.0000          0.0000

STAT_0:    20000               2

MOVE_1:    20000            6920            3678         53.1503

ENER_1:    20000    1052483.2705    1139299.2203     -86815.9497          0.0000          0.0000          0.0000          0.0000          0.0000          0.0000          0.0000

STAT_1:    20000             600

Simulation Time (total): 8.6681 sec.
Displacement:                      0.1854 sec.
Rotation:                          0.0946 sec.
Intra-Swap:                        0.0000 sec.
Regrowth:                          0.0000 sec.
Molecule-Transfer:                 4.2692 sec.
Info: GOMC Version 2.31
Info: Completed at: Wed Aug  8 22:51:28 2018
Info: On hostname: 647trc-calc1
