Info: GOMC Version 2.31
Info: Start Time: Wed Aug  8 22:39:10 2018
Info: Host Name: 647trc-calc1
CPU information:
Info: Total number of CPUs: 16
Info: Total number of CPUs available: 16
Info: Model name: Intel(R) Xeon(R) CPU           X5667  @ 3.07GHz
Info: System name: Linux
Info: Release: 4.4.0-103-generic
Info: Version: #126-Ubuntu SMP Mon Dec 4 16:23:28 UTC 2017
Info: Kernel Architecture: x86_64
Info: Total Ram: 72479.3MB
Info: Used Ram: 60076.1MB
Info: Working in the current directory: /home/ram9/C6H14/GOMC/GCMC/Potoff/330
Info: GOMC COMPILED TO RUN GRAND CANONICAL ENSEMBLE.
Info: Number of threads                  2 

Reading Input File:                      in_restart.conf
Info: Restart simulation                 Active 
Info: Random seed                        Active 
Info: PARAMETER file: EXOTIC format!
Info: Input Temperature                  330.0000 K
Info: Non-truncated potential            Active 
Info: Long Range Correction              Active 
Info: Cutoff                             10.0000 A
Info: Exclude                            ONE-FOUR 
Warning: Modified 1-4 VDW parameters will be ignored!
Info: Pressure calculation               Inactive 
Info: Total number of steps              20000 
Info: Number of equilibration steps      0 
Info: Move adjustment frequency          1000 
Info: Displacement move frequency        0.2000 
Info: Rotation move frequency            0.1000 
Info: Molecule swap move frequency       0.7000 
Info: CBMC First atom trials             10   
Info: CBMC Secondary atom trials         4    
Info: CBMC Angle trials                  100  
Info: CBMC Dihedral trials               30   
Info: Chemical potential                 C6P    -3625.0000 K
Info: Output name                        C6P_330_K_u_3625_r1a 
Info: Coordinate frequency               200 
Info: Restart frequency                  20000 
Info: Console output frequency           10000 
Info: Average output frequency           100000 
Info: Histogram output frequency         2000 
Info: Histogram sample frequency         200 
Default: Intra-Swap move frequency       0.0000 
Default: Regrowth move frequency         0.0000 
Default: Short Range Cutoff              0.0000 
Warning: 1-4 Electrostatic scaling set, but will be ignored.
Warning: Cell dimension set, but will be ignored in restart mode.
Finished Reading Input File:             in_restart.conf

Reading from EXOTIC-Style parameter file:  	/home/ram9/GOMC_Scripts/Par_Mie_Alkane_Exotic.inp
Reading BONDS parameters.
Reading ANGLES parameters.
Reading DIHEDRALS parameters.
Reading NONBONDED_MIE parameters.
Finished reading EXOTIC-Style parameter file:  	/home/ram9/GOMC_Scripts/Par_Mie_Alkane_Exotic.inp
Reading from box 0 PDB coordinate file:  	C6P_330_K_u_3625_r1a_BOX_0_restart.pdb
Finished reading box 0 PDB coordinate file:  	C6P_330_K_u_3625_r1a_BOX_0_restart.pdb
Reading from box 1 PDB coordinate file:  	C6P_330_K_u_3625_r1a_BOX_1_restart.pdb
Finished reading box 1 PDB coordinate file:  	C6P_330_K_u_3625_r1a_BOX_1_restart.pdb
Random number seed: 3138821957

Molecules in PSF:
Molecule Kind: C6P
Idx	name	type	charge	mass
0	C1	CH3	0.0000	15.0350
1	C2	CH2	0.0000	14.0270
2	C3	CH2	0.0000	14.0270
3	C4	CH2	0.0000	14.0270
4	C5	CH2	0.0000	14.0270
5	C6	CH3	0.0000	15.0350

Bonds:
[0 1] [1 2] [2 3] [3 4] [4 5] 

Angles:
[0 1 2] [1 2 3] [2 3 4] [3 4 5] 

Dihedrals:
[0 1 2 3] [1 2 3 4] [2 3 4 5] 

Bonds parameter:
Atom Types                    Kb(K)                b0(A) 
CH3  CH2                        FIX               1.5400 
CH2  CH2                        FIX               1.5400 

Angles parameter:
Atom Types                Ktheta(K)       theta0(degree) 
CH3  CH2  CH2          31250.000000             114.0000 
CH2  CH2  CH2          31250.000000             114.0000 

Dihedrals parameter:
Atom Types                  Kchi(K)    n   delta(degree) 
CH3  CH2  CH2  CH2         0.000000    0          0.0000 
CH3  CH2  CH2  CH2       355.029964    1          0.0000 
CH3  CH2  CH2  CH2       -68.189775    2        180.0000 
CH3  CH2  CH2  CH2       791.317812    3          0.0000 

CH2  CH2  CH2  CH2         0.000000    0          0.0000 
CH2  CH2  CH2  CH2       355.029964    1          0.0000 
CH2  CH2  CH2  CH2       -68.189775    2        180.0000 
CH2  CH2  CH2  CH2       791.317812    3          0.0000 


NonBonded 1-4 parameters:
Type1  Type2             Epsilon(K)    Sigma(A)       N 
CH3    CH3                 121.2500      3.7830   16.00 
CH3    CH2                  86.0015      3.8865   16.00 
CH2    CH2                  61.0000      3.9900   16.00 

NonBonded parameters:
Type1  Type2             Epsilon(K)    Sigma(A)       N 
CH3    CH3                 121.2500      3.7830   16.00 
CH3    CH2                  86.0015      3.8865   16.00 
CH2    CH2                  61.0000      3.9900   16.00 

Info: Box  0:  Periodic Cell Basis 1     35.000   0.000   0.000 
Info: Box  0:  Periodic Cell Basis 2      0.000  35.000   0.000 
Info: Box  0:  Periodic Cell Basis 3      0.000   0.000  35.000 

Info: Box  1:  Periodic Cell Basis 1     35.000   0.000   0.000 
Info: Box  1:  Periodic Cell Basis 2      0.000  35.000   0.000 
Info: Box  1:  Periodic Cell Basis 3      0.000   0.000  35.000 

Minimum coordinates in box 0: x =   28.811, y =   30.059, z =   30.743
Maximum coordinates in box 0: x =   31.411, y =   34.922, z =   32.838
Wrapping molecules inside the simulation box 0:
Minimum coordinates in box 1: x =   -2.596, y =   -3.219, z =   -2.490
Maximum coordinates in box 1: x =   37.427, y =   37.443, z =   37.042
Wrapping molecules inside the simulation box 1:

################################################################################
########################## INITIAL SIMULATION ENERGY ###########################

ETITLE:     STEP           TOTAL        INTRA(B)       INTRA(NB)       INTER(LJ)             LRC     TOTAL_ELECT            REAL           RECIP            SELF            CORR

ENER_0:        0       3934.7920       4094.7400       -158.5258          0.0000         -1.4222          0.0000          0.0000          0.0000          0.0000         -0.0000

ENER_1:        0     872845.8267     961271.8132     -88425.9865          0.0000          0.0000          0.0000          0.0000          0.0000          0.0000         -0.0000

STITLE:     STEP        TOTALMOL

STAT_0:        0               1

STAT_1:        0             601

################################################################################
############################# STARTING SIMULATION ##############################

MTITLE:     STEP          DISTRY       DISACCEPT      DISACCEPT%          DISMAX          ROTATE       ROTACCEPT      ROTACCEPT%          ROTMAX       INTRASWAP       INTACCEPT      INTACCEPT%        REGROWTH    REGROWACCEPT   REGROWACCEPT%        TRANSFER      TRANACCEPT     TRANACCEPT%

ETITLE:     STEP           TOTAL        INTRA(B)       INTRA(NB)       INTER(LJ)             LRC     TOTAL_ELECT            REAL           RECIP            SELF            CORR

STITLE:     STEP        TOTALMOL

Printed combined psf to file C6P_330_K_u_3625_r1a_merged.psf
Reading from box 0 PDB coordinate file:  	C6P_330_K_u_3625_r1a_BOX_0_restart.pdb
Finished reading box 0 PDB coordinate file:  	C6P_330_K_u_3625_r1a_BOX_0_restart.pdb
MOVE_0:    10000            2047            1007         49.1939          6.0849             995             526         52.8643         17.5000               0               0          0.0000               0               0          0.0000            3541            1317         37.1929

ENER_0:    10000          0.0000          0.0000          0.0000          0.0000          0.0000          0.0000          0.0000          0.0000          0.0000          0.0000

STAT_0:    10000               0

MOVE_1:    10000            3417            1316         38.5133

ENER_1:    10000     895256.6656     983548.3263     -88291.6607          0.0000          0.0000          0.0000          0.0000          0.0000          0.0000          0.0000

STAT_1:    10000             602

Steps/sec. : 2675.7721
MOVE_0:    20000            4035            2063         51.1276         11.1192            2011            1089         54.1522         17.5000               0               0          0.0000               0               0          0.0000            7002            2700         38.5604

ENER_0:    20000          0.0000          0.0000          0.0000          0.0000          0.0000          0.0000          0.0000          0.0000          0.0000          0.0000

STAT_0:    20000               0

MOVE_1:    20000            6952            2699         38.8234

ENER_1:    20000     890468.9392     978955.2202     -88486.2810          0.0000          0.0000          0.0000          0.0000          0.0000          0.0000          0.0000

STAT_1:    20000             602

Simulation Time (total): 7.5656 sec.
Displacement:                      0.0802 sec.
Rotation:                          0.0424 sec.
Intra-Swap:                        0.0000 sec.
Regrowth:                          0.0000 sec.
Molecule-Transfer:                 3.1411 sec.
Info: GOMC Version 2.31
Info: Completed at: Wed Aug  8 22:39:18 2018
Info: On hostname: 647trc-calc1
